<?xml version="1.0" encoding="UTF-8"?>
<!-- Generated by org.testng.reporters.JUnitReportReporter -->
<testsuite hostname="DESKTOP-I2Q0NO0" failures="0" tests="2" name="runner.TestRunner" time="0.727" errors="0" timestamp="2021-03-02T01:31:18 EET" skipped="0">
  <testcase classname="runner.TestRunner" name="runScenario" time="0.688"/>
  <system-out/>
  <testcase classname="runner.TestRunner" name="runScenario" time="0.039"/>
  <system-out/>
</testsuite> <!-- runner.TestRunner -->
