<?xml version="1.0" encoding="UTF-8"?>
<!-- Generated by org.testng.reporters.JUnitReportReporter -->
<testsuite hostname="DESKTOP-I2Q0NO0" failures="0" tests="3" name="tests.ReviewProductTest" time="0.000" errors="0" timestamp="2021-06-25T18:13:01 EET" skipped="3">
  <testcase classname="tests.ReviewProductTest" name="UserCanRegistrationSuccessfully" time="0.000">
    <skipped/>
  </testcase> <!-- UserCanRegistrationSuccessfully -->
  <system-out/>
  <testcase classname="tests.ReviewProductTest" name="UserCanSearchForProduct_UsingAutoSugest" time="0.000">
    <skipped/>
  </testcase> <!-- UserCanSearchForProduct_UsingAutoSugest -->
  <system-out/>
  <testcase classname="tests.ReviewProductTest" name="User_Can_Review_TheProducts" time="0.000">
    <skipped/>
  </testcase> <!-- User_Can_Review_TheProducts -->
  <system-out/>
</testsuite> <!-- tests.ReviewProductTest -->
