<?xml version="1.0" encoding="UTF-8"?>
<!-- Generated by org.testng.reporters.JUnitReportReporter -->
<testsuite hostname="DESKTOP-I2Q0NO0" failures="0" tests="2" name="tests.ChangeCurrencyTest" time="4.923" errors="0" timestamp="2021-02-06T18:26:03 EET" skipped="0">
  <testcase classname="tests.ChangeCurrencyTest" name="UserCanChageCurrency" time="1.981"/>
  <system-out/>
  <testcase classname="tests.ChangeCurrencyTest" name="UserCanSearchForProduct_UsingAutoSugest" time="2.942"/>
  <system-out/>
</testsuite> <!-- tests.ChangeCurrencyTest -->
