<?xml version="1.0" encoding="UTF-8"?>
<!-- Generated by org.testng.reporters.JUnitReportReporter -->
<testsuite hostname="DESKTOP-I2Q0NO0" failures="0" tests="2" name="tests.ChangeCurrencyTest" time="0.000" errors="0" timestamp="2021-06-25T18:13:01 EET" skipped="2">
  <testcase classname="tests.ChangeCurrencyTest" name="UserCanChageCurrency" time="0.000">
    <skipped/>
  </testcase> <!-- UserCanChageCurrency -->
  <system-out/>
  <testcase classname="tests.ChangeCurrencyTest" name="UserCanSearchForProduct_UsingAutoSugest" time="0.000">
    <skipped/>
  </testcase> <!-- UserCanSearchForProduct_UsingAutoSugest -->
  <system-out/>
</testsuite> <!-- tests.ChangeCurrencyTest -->
