<?xml version="1.0" encoding="UTF-8"?>
<!-- Generated by org.testng.reporters.JUnitReportReporter -->
<testsuite hostname="DESKTOP-I2Q0NO0" failures="0" tests="3" name="tests.UserRegistrationTestWithDDT_UsingExcelFile" time="46.875" errors="0" timestamp="2021-02-15T17:29:47 EET" skipped="0">
  <testcase classname="tests.UserRegistrationTestWithDDT_UsingExcelFile" name="UserCanRegistrationSuccessfully" time="26.763"/>
  <system-out/>
  <testcase classname="tests.UserRegistrationTestWithDDT_UsingExcelFile" name="UserCanRegistrationSuccessfully" time="12.187"/>
  <system-out/>
  <testcase classname="tests.UserRegistrationTestWithDDT_UsingExcelFile" name="UserCanRegistrationSuccessfully" time="7.925"/>
  <system-out/>
</testsuite> <!-- tests.UserRegistrationTestWithDDT_UsingExcelFile -->
