<?xml version="1.0" encoding="UTF-8"?>
<!-- Generated by org.testng.reporters.JUnitReportReporter -->
<testsuite hostname="DESKTOP-I2Q0NO0" failures="0" tests="1" name="tests.SearchAutoSuggestTest" time="6.568" errors="0" timestamp="2021-02-06T18:26:03 EET" skipped="0">
  <testcase classname="tests.SearchAutoSuggestTest" name="UserCanSearchForProduct_UsingAutoSugest" time="6.568"/>
  <system-out/>
</testsuite> <!-- tests.SearchAutoSuggestTest -->
