<?xml version="1.0" encoding="UTF-8"?>
<!-- Generated by org.testng.reporters.JUnitReportReporter -->
<testsuite hostname="DESKTOP-I2Q0NO0" failures="0" tests="3" name="tests.UserRegistrationTest_UsingFakeData" time="18.773" errors="0" timestamp="2021-02-16T10:51:51 EET" skipped="0">
  <testcase classname="tests.UserRegistrationTest_UsingFakeData" name="User_Can_Logout" time="5.016"/>
  <system-out/>
  <testcase classname="tests.UserRegistrationTest_UsingFakeData" name="User_Can_Login" time="3.830"/>
  <system-out/>
  <testcase classname="tests.UserRegistrationTest_UsingFakeData" name="UserCanRegistrationSuccessfully" time="9.927"/>
  <system-out/>
</testsuite> <!-- tests.UserRegistrationTest_UsingFakeData -->
