<?xml version="1.0" encoding="UTF-8"?>
<!-- Generated by org.testng.reporters.JUnitReportReporter -->
<testsuite hostname="DESKTOP-I2Q0NO0" failures="0" tests="1" name="tests.ProductHoverMenuTest" time="0.000" errors="0" timestamp="2021-06-25T18:13:01 EET" skipped="1">
  <testcase classname="tests.ProductHoverMenuTest" name="UserCanSelectProtuct_UsingHoverMenu" time="0.000">
    <skipped/>
  </testcase> <!-- UserCanSelectProtuct_UsingHoverMenu -->
  <system-out/>
</testsuite> <!-- tests.ProductHoverMenuTest -->
