<?xml version="1.0" encoding="UTF-8"?>
<!-- Generated by org.testng.reporters.JUnitReportReporter -->
<testsuite hostname="DESKTOP-I2Q0NO0" failures="0" tests="3" name="tests.UserRegistrationTestWithDDT_UsingDataProviderAnnotations" time="30.422" errors="0" timestamp="2021-02-12T11:06:19 EET" skipped="0">
  <testcase classname="tests.UserRegistrationTestWithDDT_UsingDataProviderAnnotations" name="UserCanRegistrationSuccessfully" time="14.753"/>
  <system-out/>
  <testcase classname="tests.UserRegistrationTestWithDDT_UsingDataProviderAnnotations" name="UserCanRegistrationSuccessfully" time="7.787"/>
  <system-out/>
  <testcase classname="tests.UserRegistrationTestWithDDT_UsingDataProviderAnnotations" name="UserCanRegistrationSuccessfully" time="7.882"/>
  <system-out/>
</testsuite> <!-- tests.UserRegistrationTestWithDDT_UsingDataProviderAnnotations -->
