<?xml version="1.0" encoding="UTF-8"?>
<!-- Generated by org.testng.reporters.JUnitReportReporter -->
<testsuite hostname="DESKTOP-I2Q0NO0" failures="0" tests="1" name="tests.UserRegistrationTestWithDDT_UsingCSV" time="38.283" errors="0" timestamp="2021-02-14T11:36:54 EET" skipped="0">
  <testcase classname="tests.UserRegistrationTestWithDDT_UsingCSV" name="UserCanRegistrationSuccessfully" time="38.283"/>
  <system-out/>
</testsuite> <!-- tests.UserRegistrationTestWithDDT_UsingCSV -->
