<?xml version="1.0" encoding="UTF-8"?>
<!-- Generated by org.testng.reporters.JUnitReportReporter -->
<testsuite hostname="DESKTOP-I2Q0NO0" failures="0" tests="1" name="tests.SearchAutoSuggestTest" time="0.000" errors="0" timestamp="2021-06-25T18:13:01 EET" skipped="1">
  <testcase classname="tests.SearchAutoSuggestTest" name="UserCanSearchForProduct_UsingAutoSugest" time="0.000">
    <skipped/>
  </testcase> <!-- UserCanSearchForProduct_UsingAutoSugest -->
  <system-out/>
</testsuite> <!-- tests.SearchAutoSuggestTest -->
