<?xml version="1.0" encoding="UTF-8"?>
<!-- Generated by org.testng.reporters.JUnitReportReporter -->
<testsuite hostname="DESKTOP-I2Q0NO0" failures="0" tests="4" name="tests.ShoppingCartTest" time="0.000" errors="0" timestamp="2021-06-25T18:13:01 EET" skipped="4">
  <testcase classname="tests.ShoppingCartTest" name="UserCanSearchForProduct_UsingAutoSugest" time="0.000">
    <skipped/>
  </testcase> <!-- UserCanSearchForProduct_UsingAutoSugest -->
  <system-out/>
  <testcase classname="tests.ShoppingCartTest" name="User_Can_Add_Product_To_Cart" time="0.000">
    <skipped/>
  </testcase> <!-- User_Can_Add_Product_To_Cart -->
  <system-out/>
  <testcase classname="tests.ShoppingCartTest" name="User_Can_ContinueShopping_FromCart" time="0.000">
    <skipped/>
  </testcase> <!-- User_Can_ContinueShopping_FromCart -->
  <system-out/>
  <testcase classname="tests.ShoppingCartTest" name="User_Can_Remove_Product_From_Cart">
    <skipped/>
  </testcase> <!-- User_Can_Remove_Product_From_Cart -->
  <system-out/>
</testsuite> <!-- tests.ShoppingCartTest -->
