<?xml version="1.0" encoding="UTF-8"?>
<!-- Generated by org.testng.reporters.JUnitReportReporter -->
<testsuite hostname="DESKTOP-I2Q0NO0" failures="0" tests="1" name="tests.SearchAutoSuggestTest" time="7.172" errors="0" timestamp="2021-08-14T00:52:07 EET" skipped="0">
  <testcase classname="tests.SearchAutoSuggestTest" name="UserCanSearchForProduct_UsingAutoSugest" time="7.172"/>
  <system-out/>
</testsuite> <!-- tests.SearchAutoSuggestTest -->
