<?xml version="1.0" encoding="UTF-8"?>
<!-- Generated by org.testng.reporters.JUnitReportReporter -->
<testsuite hostname="DESKTOP-I2Q0NO0" failures="0" tests="1" name="tests.ProductHoverMenuTest" time="1.187" errors="0" timestamp="2021-02-06T18:26:04 EET" skipped="0">
  <testcase classname="tests.ProductHoverMenuTest" name="UserCanSelectProtuct_UsingHoverMenu" time="1.187"/>
  <system-out/>
</testsuite> <!-- tests.ProductHoverMenuTest -->
