<?xml version="1.0" encoding="UTF-8"?>
<!-- Generated by org.testng.reporters.JUnitReportReporter -->
<testsuite hostname="DESKTOP-I2Q0NO0" failures="0" tests="4" name="tests.MyAccountTest" time="0.000" errors="0" timestamp="2021-06-25T18:13:01 EET" skipped="4">
  <testcase classname="tests.MyAccountTest" name="UserCanRegistrationSuccessfully" time="0.000">
    <skipped/>
  </testcase> <!-- UserCanRegistrationSuccessfully -->
  <system-out/>
  <testcase classname="tests.MyAccountTest" name="User_Can_Change_Password" time="0.000">
    <skipped/>
  </testcase> <!-- User_Can_Change_Password -->
  <system-out/>
  <testcase classname="tests.MyAccountTest" name="User_Can_Logout" time="0.000">
    <skipped/>
  </testcase> <!-- User_Can_Logout -->
  <system-out/>
  <testcase classname="tests.MyAccountTest" name="User_Can_Login" time="0.000">
    <skipped/>
  </testcase> <!-- User_Can_Login -->
  <system-out/>
</testsuite> <!-- tests.MyAccountTest -->
