<?xml version="1.0" encoding="UTF-8"?>
<!-- Generated by org.testng.reporters.JUnitReportReporter -->
<testsuite hostname="DESKTOP-I2Q0NO0" failures="0" tests="3" name="tests.WishlistTest" time="0.000" errors="0" timestamp="2021-06-25T18:13:01 EET" skipped="3">
  <testcase classname="tests.WishlistTest" name="UserCanSearchForProduct_UsingAutoSugest" time="0.000">
    <skipped/>
  </testcase> <!-- UserCanSearchForProduct_UsingAutoSugest -->
  <system-out/>
  <testcase classname="tests.WishlistTest" name="User_Can_ADD_ProductTowishlist" time="0.000">
    <skipped/>
  </testcase> <!-- User_Can_ADD_ProductTowishlist -->
  <system-out/>
  <testcase classname="tests.WishlistTest" name="User_Can_Remove_Product_From_Wishlist" time="0.000">
    <skipped/>
  </testcase> <!-- User_Can_Remove_Product_From_Wishlist -->
  <system-out/>
</testsuite> <!-- tests.WishlistTest -->
